<?xml version="1.0" encoding="UTF-8"?>
<testng-results skipped="0" failed="0" ignored="0" total="1" passed="1">
  <reporter-output>
  </reporter-output>
  <suite name="Default suite" duration-ms="20048" started-at="2019-10-31T17:59:03 GMT" finished-at="2019-10-31T17:59:24 GMT">
    <groups>
    </groups>
    <test name="Default test" duration-ms="20048" started-at="2019-10-31T17:59:03 GMT" finished-at="2019-10-31T17:59:24 GMT">
      <class name="com.assigment.TestCases.ThirdTestCase">
        <test-method status="PASS" signature="beforemethod()[pri:0, instance:com.assigment.TestCases.ThirdTestCase@76707e36]" name="beforemethod" is-config="true" duration-ms="6349" started-at="2019-10-31T17:59:04 GMT" finished-at="2019-10-31T17:59:10 GMT">
          <reporter-output>
          </reporter-output>
        </test-method> <!-- beforemethod -->
        <test-method status="PASS" signature="test()[pri:0, instance:com.assigment.TestCases.ThirdTestCase@76707e36]" name="test" duration-ms="13655" started-at="2019-10-31T17:59:10 GMT" finished-at="2019-10-31T17:59:24 GMT">
          <reporter-output>
          </reporter-output>
        </test-method> <!-- test -->
        <test-method status="PASS" signature="afterMethod(org.testng.ITestResult)[pri:0, instance:com.assigment.TestCases.ThirdTestCase@76707e36]" name="afterMethod" is-config="true" duration-ms="2" started-at="2019-10-31T17:59:24 GMT" finished-at="2019-10-31T17:59:24 GMT">
          <params>
            <param index="0">
              <value>
                <![CDATA[[TestResult name=test status=SUCCESS method=ThirdTestCase.test()[pri:0, instance:com.assigment.TestCases.ThirdTestCase@76707e36] output={null}]]]>
              </value>
            </param>
          </params>
          <reporter-output>
          </reporter-output>
        </test-method> <!-- afterMethod -->
      </class> <!-- com.assigment.TestCases.ThirdTestCase -->
    </test> <!-- Default test -->
  </suite> <!-- Default suite -->
</testng-results>
